#
# There is insufficient memory for the Java Runtime Environment to continue.
# Native memory allocation (malloc) failed to allocate 32744 bytes for ChunkPool::allocate
# Possible reasons:
#   The system is out of physical RAM or swap space
#   In 32 bit mode, the process size limit was hit
# Possible solutions:
#   Reduce memory load on the system
#   Increase physical memory or swap space
#   Check if swap backing store is full
#   Use 64 bit Java on a 64 bit OS
#   Decrease Java heap size (-Xmx/-Xms)
#   Decrease number of Java threads
#   Decrease Java thread stack sizes (-Xss)
#   Set larger code cache with -XX:ReservedCodeCacheSize=
# This output file may be truncated or incomplete.
#
#  Out of Memory Error (allocation.cpp:273), pid=16016, tid=15428
#
# JRE version:  (8.0_20-b26) (build )
# Java VM: Java HotSpot(TM) 64-Bit Server VM (25.20-b23 mixed mode windows-amd64 compressed oops)
# Failed to write core dump. Minidumps are not enabled by default on client versions of Windows
#

---------------  T H R E A D  ---------------

Current thread (0x0000000001fce800):  JavaThread "main" [_thread_in_vm, id=15428, stack(0x00000000022b0000,0x00000000023b0000)]

Stack: [0x00000000022b0000,0x00000000023b0000]
[error occurred during error reporting (printing stack bounds), id 0xc0000005]

Native frames: (J=compiled Java code, j=interpreted, Vv=VM code, C=native code)
V  [jvm.dll+0x3152fa]
V  [jvm.dll+0x265d03]
V  [jvm.dll+0x266943]
V  [jvm.dll+0x27f586]
V  [jvm.dll+0x28311c]
V  [jvm.dll+0x315188]
C  [ntdll.dll+0x29d2d]
C  [ntdll.dll+0x191cf]
C  [ntdll.dll+0x51248]
V  [jvm.dll+0x205611]

Java frames: (J=compiled Java code, j=interpreted, Vv=VM code)
j  java.lang.Class.getDeclaredFields0(Z)[Ljava/lang/reflect/Field;+0
j  java.lang.Class.access$100(Ljava/lang/Class;Z)[Ljava/lang/reflect/Field;+2
j  java.lang.Class$Atomic.<clinit>()V+9
v  ~StubRoutines::call_stub
j  java.lang.Class.newReflectionData(Ljava/lang/ref/SoftReference;I)Ljava/lang/Class$ReflectionData;+27
j  java.lang.Class.reflectionData()Ljava/lang/Class$ReflectionData;+45
j  java.lang.Class.privateGetDeclaredFields(Z)[Ljava/lang/reflect/Field;+4
j  java.lang.Class.getDeclaredField(Ljava/lang/String;)Ljava/lang/reflect/Field;+11
j  java.util.concurrent.atomic.AtomicReferenceFieldUpdater$AtomicReferenceFieldUpdaterImpl$1.run()Ljava/lang/reflect/Field;+8
j  java.util.concurrent.atomic.AtomicReferenceFieldUpdater$AtomicReferenceFieldUpdaterImpl$1.run()Ljava/lang/Object;+1
v  ~StubRoutines::call_stub
j  java.security.AccessController.doPrivileged(Ljava/security/PrivilegedExceptionAction;)Ljava/lang/Object;+0
j  java.util.concurrent.atomic.AtomicReferenceFieldUpdater$AtomicReferenceFieldUpdaterImpl.<init>(Ljava/lang/Class;Ljava/lang/Class;Ljava/lang/String;Ljava/lang/Class;)V+14
j  java.util.concurrent.atomic.AtomicReferenceFieldUpdater.newUpdater(Ljava/lang/Class;Ljava/lang/Class;Ljava/lang/String;)Ljava/util/concurrent/atomic/AtomicReferenceFieldUpdater;+10
j  java.io.BufferedInputStream.<clinit>()V+17
v  ~StubRoutines::call_stub
j  java.lang.System.initializeSystemClass()V+70
v  ~StubRoutines::call_stub

---------------  P R O C E S S  ---------------

Java Threads: ( => current thread )
  0x0000000001ece000 JavaThread "Finalizer" daemon [_thread_blocked, id=17476, stack(0x0000000019c80000,0x0000000019d80000)]
  0x00000000179b4800 JavaThread "Reference Handler" daemon [_thread_blocked, id=17472, stack(0x0000000019b80000,0x0000000019c80000)]
=>0x0000000001fce800 JavaThread "main" [_thread_in_vm, id=15428, stack(0x00000000022b0000,0x00000000023b0000)]

Other Threads:
  0x0000000018913000 VMThread [stack: 0x0000000019900000,0x0000000019a00000] [id=17468]

VM state:not at safepoint (normal execution)

VM Mutex/Monitor currently owned by a thread: None

Heap:
 PSYoungGen      total 38400K, used 1331K [0x00000000d5a00000, 0x00000000d8480000, 0x0000000100000000)
  eden space 33280K, 4% used [0x00000000d5a00000,0x00000000d5b4cd78,0x00000000d7a80000)
  from space 5120K, 0% used [0x00000000d7f80000,0x00000000d7f80000,0x00000000d8480000)
  to   space 5120K, 0% used [0x00000000d7a80000,0x00000000d7a80000,0x00000000d7f80000)
 ParOldGen       total 87552K, used 0K [0x0000000080e00000, 0x0000000086380000, 0x00000000d5a00000)
  object space 87552K, 0% used [0x0000000080e00000,0x0000000080e00000,0x0000000086380000)
 Metaspace       used 1134K, capacity 4480K, committed 4480K, reserved 1056768K
  class space    used 127K, capacity 384K, committed 384K, reserved 1048576K

Card table byte_map: [0x0000000011a40000,0x0000000011e40000] byte_map_base: 0x0000000011639000

Marking Bits: (ParMarkBitMap*) 0x000000005208b460
 Begin Bits: [0x0000000012c40000, 0x0000000014c08000)
 End Bits:   [0x0000000014c08000, 0x0000000016bd0000)

Polling page: 0x0000000000210000

CodeCache: size=245760Kb used=403Kb max_used=403Kb free=245356Kb
 bounds [0x0000000002680000, 0x00000000028f0000, 0x0000000011680000]
 total_blobs=103 nmethods=0 adapters=78
 compilation: enabled

Compilation events (0 events):
No events

GC Heap History (0 events):
No events

Deoptimization events (0 events):
No events

Internal exceptions (2 events):
Event: 0.016 Thread 0x0000000001fce800 Exception <a 'java/lang/NoSuchMethodError': Method sun.misc.Unsafe.defineClass(Ljava/lang/String;[BII)Ljava/lang/Class; name or signature does not match> (0x00000000d5a0c680) thrown at [D:\re\workspace\8-2-build-windows-amd64-cygwin\jdk8u20\1074\hotspot\sr	 Ôqyê?
Event: 0.016 Thread 0x0000000001fce800 Exception <a 'java/lang/NoSuchMethodError': Method sun.misc.Unsafe.prefetchRead(Ljava/lang/Object;J)V name or signature does not match> (0x00000000d5a0c910) thrown at [D:\re\workspace\8-2-build-windows-amd64-cygwin\jdk8u20\1074\hotspot\src\share\vm\prims\j

Events (10 events):
Event: 0.017 loading class sun/reflect/generics/repository/AbstractRepository
Event: 0.017 loading class sun/reflect/generics/repository/AbstractRepository done
Event: 0.017 loading class sun/reflect/generics/repository/GenericDeclRepository done
Event: 0.017 loading class sun/reflect/generics/repository/ClassRepository done
Event: 0.017 loading class java/lang/Class$AnnotationData
Event: 0.017 loading class java/lang/Class$AnnotationData done
Event: 0.017 loading class sun/reflect/annotation/AnnotationType
Event: 0.017 loading class sun/reflect/annotation/AnnotationType done
Event: 0.017 loading class java/lang/ClassValue$ClassValueMap
Event: 0.017 loading class java/util/WeakHashMap


Dynamic libraries:
0x000000013f920000 - 0x000000013f954000 	C:\Program Files\Java\jdk1.8.0_20\bin\java.exe
0x0000000076fe0000 - 0x0000000077189000 	C:\Windows\SYSTEM32\ntdll.dll
0x0000000076ec0000 - 0x0000000076fdf000 	C:\Windows\system32\kernel32.dll
0x000007fefd140000 - 0x000007fefd1ac000 	C:\Windows\system32\KERNELBASE.dll
0x0000000072310000 - 0x00000000723a2000 	M:\Program Instillation\Bitdefender\Bitdefender\Active Virus Control\Avc3_00261_017\avcuf64.dll
0x000007fefe930000 - 0x000007fefea0b000 	C:\Windows\system32\ADVAPI32.dll
0x000007fefeee0000 - 0x000007fefef7f000 	C:\Windows\system32\msvcrt.dll
0x000007fefec20000 - 0x000007fefec3f000 	C:\Windows\SYSTEM32\sechost.dll
0x000007fefd6f0000 - 0x000007fefd81d000 	C:\Windows\system32\RPCRT4.dll
0x0000000076dc0000 - 0x0000000076eba000 	C:\Windows\system32\USER32.dll
0x000007fefd320000 - 0x000007fefd387000 	C:\Windows\system32\GDI32.dll
0x000007feff2e0000 - 0x000007feff2ee000 	C:\Windows\system32\LPK.dll
0x000007fefd230000 - 0x000007fefd2f9000 	C:\Windows\system32\USP10.dll
0x000007fefa6e0000 - 0x000007fefa8d4000 	C:\Windows\WinSxS\amd64_microsoft.windows.common-controls_6595b64144ccf1df_6.0.7601.17514_none_fa396087175ac9ac\COMCTL32.dll
0x000007fefd1b0000 - 0x000007fefd221000 	C:\Windows\system32\SHLWAPI.dll
0x000007fefebf0000 - 0x000007fefec1e000 	C:\Windows\system32\IMM32.DLL
0x000007feff1c0000 - 0x000007feff2c9000 	C:\Windows\system32\MSCTF.dll
0x0000000054380000 - 0x0000000054452000 	C:\Program Files\Java\jdk1.8.0_20\jre\bin\msvcr100.dll
0x00000000518b0000 - 0x0000000052108000 	C:\Program Files\Java\jdk1.8.0_20\jre\bin\server\jvm.dll
0x000007fef19c0000 - 0x000007fef19c9000 	C:\Windows\system32\WSOCK32.dll
0x000007fefd390000 - 0x000007fefd3dd000 	C:\Windows\system32\WS2_32.dll
0x000007feff2d0000 - 0x000007feff2d8000 	C:\Windows\system32\NSI.dll
0x000007fefbf30000 - 0x000007fefbf6b000 	C:\Windows\system32\WINMM.dll
0x00000000771a0000 - 0x00000000771a7000 	C:\Windows\system32\PSAPI.DLL
0x0000000054960000 - 0x000000005496f000 	C:\Program Files\Java\jdk1.8.0_20\jre\bin\verify.dll
0x0000000054930000 - 0x0000000054958000 	C:\Program Files\Java\jdk1.8.0_20\jre\bin\java.dll
0x0000000054910000 - 0x0000000054926000 	C:\Program Files\Java\jdk1.8.0_20\jre\bin\zip.dll
0x000007fefd990000 - 0x000007fefe718000 	C:\Windows\system32\SHELL32.dll
0x000007fefe720000 - 0x000007fefe923000 	C:\Windows\system32\ole32.dll
0x000007fefcdf0000 - 0x000007fefcdff000 	C:\Windows\system32\profapi.dll
0x000007fef1190000 - 0x000007fef12b5000 	C:\Windows\system32\dbghelp.dll

VM Arguments:
java_command: <unknown>
java_class_path (initial): .
Launcher Type: SUN_STANDARD

Environment Variables:
JAVA_HOME=C:\Program Files\Java\jdk1.8.0_20\
PATH=C:\Ruby21-x64\bin;C:\Program Files (x86)\NVIDIA Corporation\PhysX\Common;C:\Program Files (x86)\Intel\iCLS Client\;C:\Program Files\Intel\iCLS Client\;C:\WinAVR-20100110\bin;C:\WinAVR-20100110\utils\bin;M:\My Programs\proTeXt\ProTexT\miktex\bin;C:\Program Files\Common Files\Microsoft Shared\Windows Live;C:\Program Files (x86)\Common Files\Microsoft Shared\Windows Live;C:\Windows\system32;C:\Windows;C:\Windows\System32\Wbem;C:\Windows\System32\WindowsPowerShell\v1.0\;C:\Program Files (x86)\Windows Live\Shared;M:\My Programs\Matlab\runtime\win64;M:\My Programs\Matlab\bin;C:\Program Files (x86)\Microsoft SQL Server\100\Tools\Binn\;C:\Program Files\Microsoft SQL Server\100\Tools\Binn\;C:\Program Files\Microsoft SQL Server\100\DTS\Binn\;C:\Program Files (x86)\Pico Technology\PicoScope6\;C:\Program Files\Intel\Intel(R) Management Engine Components\DAL;C:\Program Files (x86)\Intel\Intel(R) Management Engine Components\DAL;C:\Program Files\Intel\Intel(R) Management Engine Components\IPT;C:\Program Files (x86)\Intel\Intel(R) Management Engine Components\IPT;C:\Program Files\nodejs\;C:\Program Files\Java\jdk1.8.0_20\bin;C:\Users\Mike\AppData\Roaming\npm
USERNAME=Mike
OS=Windows_NT
PROCESSOR_IDENTIFIER=Intel64 Family 6 Model 60 Stepping 3, GenuineIntel



---------------  S Y S T E M  ---------------

OS: Windows 7 , 64 bit Build 7601 Service Pack 1

CPU:total 8 (4 cores per cpu, 2 threads per core) family 6 model 60 stepping 3, cmov, cx8, fxsr, mmx, sse, sse2, sse3, ssse3, sse4.1, sse4.2, popcnt, avx, avx2, aes, clmul, erms, rtm, lzcnt, ht, tsc, tscinvbit, bmi1, bmi2

Memory: 4k page, physical 8330160k(2004292k free), swap 8737896k(458940k free)

vm_info: Java HotSpot(TM) 64-Bit Server VM (25.20-b23) for windows-amd64 JRE (1.8.0_20-b26), built on Jul 30 2014 13:51:23 by "java_re" with MS VC++ 10.0 (VS2010)

time: Thu Oct 16 21:41:43 2014
elapsed time: 0 seconds (0d 0h 0m 0s)

